================================================================
======== txAdmin v8.0.1 atop fxserver 13544 Starting - 07.05.2025, 17:37:26
================================================================
================================================================
======== Log Rotated - 07.05.2025, 17:37:27                     
================================================================
[21:18:26][Kidirro] logged in from 127.0.0.1 via cfxre
[21:34:41][Kidirro] [Kidirro] executed "RESTART SERVER"
[21:42:35][Kidirro] [Kidirro] executed "RESTART SERVER"
[21:45:38][Kidirro] [Kidirro] executed "STOP SERVER"
[21:45:43][Kidirro] [Kidirro] executed "START SERVER"
[21:46:51][Kidirro] Config changes: general.language
[21:49:09][Kidirro] [Kidirro] executed "STOP SERVER"
[21:49:33][Kidirro] [Kidirro] executed "START SERVER"
[23:31:30][Kidirro] [Kidirro] executed "RESTART SERVER"
[01:20:22][Kidirro] Ensured resource "vorp_housing"
[01:38:45][Kidirro] Ensured resource "vorp_housing"
[01:39:04][Kidirro] Ensured resource "vorp_housing"
[01:39:15][Kidirro] Ensured resource "vorp_housing"
[01:39:58][Kidirro] Ensured resource "vorp_inventory"
[01:40:20][Kidirro] Ensured resource "vorp_housing"
[01:40:30][Kidirro] Ensured resource "vorp_housing"
[01:41:16][Kidirro] Ensured resource "vorp_housing"
[01:45:12][MONITOR] Restarting server: Server process close detected.
[01:45:13][MONITOR] Restarting server: Server process close detected.
[01:45:14][MONITOR] Restarting server: Server process close detected.
[01:45:15][MONITOR] Restarting server: Server process close detected.
[01:45:16][MONITOR] Restarting server: Server process close detected.
[01:45:17][MONITOR] Restarting server: Server process close detected.
[01:45:18][MONITOR] Restarting server: Server process close detected.
[01:45:19][MONITOR] Restarting server: Server process close detected.
[01:45:20][MONITOR] Restarting server: Server process close detected.
[01:45:21][MONITOR] Restarting server: Server process close detected.
[01:45:22][MONITOR] Restarting server: Server process close detected.
[01:45:23][MONITOR] Restarting server: Server process close detected.
[01:45:24][MONITOR] Restarting server: Server process close detected.
[01:45:25][MONITOR] Restarting server: Server process close detected.
[01:45:26][MONITOR] Restarting server: Server process close detected.
================================================================
======== txAdmin v8.0.1 atop fxserver 13544 Starting - 08.05.2025, 14:10:58
================================================================
[14:59:36][Kidirro] logged in from 127.0.0.1 via cfxre
[14:59:52][Kidirro] Ensured resource "vorp_lootnpcs"
[14:59:58][Kidirro] Ensured resource "vorp_housing"
[15:02:25][Kidirro] Ensured resource "vorp_animations"
[23:40:04][Kidirro] Ensured resource "undead_custom"
[23:43:28][Kidirro] Ensured resource "undead_custom"
[23:47:55][Kidirro] [Kidirro] executed "RESTART SERVER"
[23:50:14][Kidirro] Ensured resource "undead_custom"
[23:54:42][Kidirro] [Kidirro] executed "RESTART SERVER"
[23:56:48][Kidirro] Ensured resource "undead_custom"
[23:58:55][Kidirro] [Kidirro] executed "STOP SERVER"
[00:10:31][Kidirro] [Kidirro] executed "START SERVER"
[00:12:20][Kidirro] Ensured resource "undead_custom"
[00:13:55][Kidirro] [Kidirro] executed "STOP SERVER"
[00:14:06][Kidirro] [Kidirro] executed "START SERVER"
[00:14:47][Kidirro] Ensured resource "undead_custom"
[00:18:55][Kidirro] [Kidirro] executed "RESTART SERVER"
[00:20:27][Kidirro] Ensured resource "undead_custom"
[00:27:29][Kidirro] Ensured resource "undead_custom"
[00:30:49][Kidirro] [Kidirro] executed "RESTART SERVER"
[00:47:39][Kidirro] Config changes: gameFeatures.menuAlignRight
[00:48:05][Kidirro] Config changes: gameFeatures.menuAlignRight
[00:50:29][Kidirro] Ensured resource "undead_custom"
[01:02:08][Kidirro] Ensured resource "undead_custom"
[01:04:21][Kidirro] [Kidirro] executed "RESTART SERVER"
[01:04:27][Kidirro] [Kidirro] executed "RESTART SERVER"
[01:05:00][Kidirro] [Kidirro] executed "STOP SERVER"
[01:05:07][Kidirro] [Kidirro] executed "START SERVER"
[01:05:14][Kidirro] Ensured resource "undead_custom"
[01:24:03][Kidirro] [Kidirro] executed "resetZone fortmercer"
[01:24:25][Kidirro] [Kidirro] executed "resetZone fortmercer"
================================================================
======== txAdmin v8.0.1 atop fxserver 13544 Starting - 09.05.2025, 12:33:58
================================================================
[12:34:17][Kidirro] logged in from 127.0.0.1 via cfxre
[12:34:40][Kidirro] Ensured resource "vorp_medic"
[12:34:43][Kidirro] Ensured resource "undead_custom"
[12:57:32][Kidirro] [Kidirro] executed "RESTART SERVER"
[12:59:43][Kidirro] Ensured resource "undead_custom"
[13:02:49][Kidirro] Ensured resource "undead_custom"
[13:09:18][Kidirro] Adding user 'erlikkhan'.
[14:09:44][Kidirro] Sending announcement: Ты че шиз блядь?
[14:10:06][Kidirro] Sending announcement: Я думал ты уже ливнул))
[14:10:22][Kidirro] Sending announcement: Ебать))))
[14:10:38][Kidirro] Sending announcement: Потом скажешь че как?
[14:11:16][Kidirro] Sending announcement: хыыыы
[19:25:04][Kidirro] Ensured resource "undead_custom"
[19:27:26][Kidirro] Ensured resource "undead_custom"
[19:30:44][Kidirro] Ensured resource "undead_custom"
[19:31:52][Kidirro] Ensured resource "undead_custom"
[19:33:02][Kidirro] Ensured resource "undead_custom"
[19:34:13][Kidirro] Ensured resource "undead_custom"
[19:36:20][Kidirro] Stopped resource "undead_custom"
[19:36:21][Kidirro] Ensured resource "undead_custom"
[19:38:38][Kidirro] Ensured resource "undead_custom"
[19:39:16][Kidirro] Ensured resource "undead_custom"
[19:40:17][Kidirro] Ensured resource "undead_custom"
[19:40:40][Kidirro] Ensured resource "undead_custom"
[19:41:40][Kidirro] Ensured resource "undead_custom"
