================================================================
======== txAdmin v8.0.1 atop fxserver 13544 Starting - 14.05.2025, 11:11:42
================================================================
================================================================
======== Log Rotated - 14.05.2025, 11:11:42                     
================================================================
[11:12:59][Kidirro] logged in from 127.0.0.1 via cfxre
[20:21:18][Kidirro] Ensured resource "undead_custom"
[20:23:19][Kidirro] Added a74c1b79b4b3e804fd6cd882dd9cdfb40af7e6e7 to the whitelist.
[20:30:45][Kidirro] Ensured resource "undead_custom"
[20:31:48][Kidirro] Ensured resource "undead_custom"
[20:32:31][Kidirro] Ensured resource "undead_custom"
[20:33:47][Kidirro] Ensured resource "undead_custom"
[20:38:06][Kidirro] Ensured resource "undead_custom"
[20:38:35][Kidirro] Ensured resource "undead_custom"
[01:41:45][Kidirro] Ensured resource "walk_speed"
================================================================
======== txAdmin v8.0.1 atop fxserver 13544 Starting - 15.05.2025, 21:59:33
================================================================
[22:08:30][Kidirro] logged in from 127.0.0.1 via cfxre
[22:08:36][Kidirro] Ensured resource "undead_custom"
[22:11:56][Kidirro] Ensured resource "undead_custom"
[22:12:56][Kidirro] Ensured resource "undead_custom"
[22:22:19][Kidirro] Ensured resource "undead_custom"
