================================================================
======== txAdmin v8.0.1 atop fxserver 13544 Starting - 09.06.2025, 22:04:56
================================================================
================================================================
======== Log Rotated - 09.06.2025, 22:04:57                     
================================================================
================================================================
======== txAdmin v8.0.1 atop fxserver 13544 Starting - 09.06.2025, 22:17:23
================================================================
[22:18:46][Kidirro] logged in from 127.0.0.1 via cfxre
================================================================
======== txAdmin v8.0.1 atop fxserver 13544 Starting - 09.06.2025, 22:19:32
================================================================
[22:20:14][Kidirro] logged in from 127.0.0.1 via cfxre
================================================================
======== txAdmin v8.0.1 atop fxserver 13544 Starting - 09.06.2025, 22:21:05
================================================================
[22:21:15][Kidirro] logged in from 127.0.0.1 via cfxre
================================================================
======== txAdmin v8.0.1 atop fxserver 13544 Starting - 09.06.2025, 22:31:29
================================================================
[22:31:48][Kidirro] logged in from 127.0.0.1 via cfxre
[22:35:17][Kidirro] [Kidirro] executed "RESTART SERVER"
[22:47:34][Kidirro] [Kidirro] executed "RESTART SERVER"
