================================================================
======== txAdmin v8.0.1 atop fxserver 13544 Starting - 23.05.2025, 02:01:00
================================================================
================================================================
======== Log Rotated - 23.05.2025, 02:01:01                     
================================================================
================================================================
======== txAdmin v8.0.1 atop fxserver 13544 Starting - 23.05.2025, 20:54:28
================================================================
[20:59:58][Kidirro] logged in from 127.0.0.1 via cfxre
[21:00:11][Kidirro] Ensured resource "vorp_stables"
[21:00:18][Kidirro] Ensured resource "vorp_wildhorse"
[21:02:25][Kidirro] Ensured resource "vanaheim_secretdoor"
[21:23:07][Kidirro] Ensured resource "REDM-Character-Storage-1.0.6"
[22:11:16][Kidirro] [Kidirro] executed "RESTART SERVER"
[22:14:15][Kidirro] [Kidirro] executed "RESTART SERVER"
[22:16:36][Kidirro] [Kidirro] executed "RESTART SERVER"
[03:47:04][Kidirro] Ensured resource "character_storage"
[03:50:05][Kidirro] Ensured resource "character_storage"
[03:50:35][Kidirro] Ensured resource "character_storage"
[03:54:02][Kidirro] Ensured resource "character_storage"
[03:55:18][Kidirro] Ensured resource "character_storage"
