================================================================
======== txAdmin v8.0.1 atop fxserver 13544 Starting - 02.05.2025, 05:43:25
================================================================
[05:43:46][Kidirro] created admins file
[05:44:02][Kidirro] Config changes: general.serverName
[05:44:02][Kidirro] Changing global settings via setup stepper and started Deployer.
[05:44:04][Kidirro] Setting recipe.
[05:44:37][Kidirro] Running recipe.
[05:45:34][Kidirro] Config changes: server.dataPath
[05:45:34][Kidirro] Completed and committed server deploy.
[05:50:26][Kidirro] [Kidirro] executed "RESTART SERVER"
[05:54:08][Kidirro] Ensured resource "undead_custom"
================================================================
======== txAdmin v8.0.1 atop fxserver 13544 Starting - 02.05.2025, 16:17:41
================================================================
[00:14:41][Kidirro] logged in from 127.0.0.1 via cfxre
[00:15:44][Kidirro] Ensured resource "vorp_admin"
[00:16:33][Kidirro] [Kidirro] executed "RESTART SERVER"
[00:26:52][Kidirro] Ensured resource "undead_custom"
[00:36:23][Kidirro] Ensured resource "walk_speed"
[00:39:23][Kidirro] Ensured resource "walk_speed"
[00:40:18][Kidirro] Ensured resource "walk_speed"
[00:41:57][Kidirro] Ensured resource "walk_speed"
[00:49:46][Kidirro] Ensured resource "walk_speed"
[00:53:25][Kidirro] Ensured resource "walk_speed"
[00:54:04][Kidirro] Sending announcement: 52 в чат
[00:54:36][Kidirro] Sending announcement: 52525252525252525252525252525252525252525252525252525252525252525252525252525252525252525252525252525252525252525252525252525252525252525252525252525252525252525252525252525252525252525252525252525252525252525252525252525252525252525252525252525252525252525252525252525252525252525252525252525252525252525252525252525252525252525252525252525252525252525252525252525252525252525252525252525252525252525252525252525252525252525252525252525252525252525252525252525252525252525252525252525252525252
[01:01:14][Kidirro] Ensured resource "walk_speed"
[01:07:21][Kidirro] Ensured resource "walk_speed"
[01:08:23][Kidirro] Ensured resource "walk_speed"
[01:11:14][Kidirro] Ensured resource "walk_speed"
[01:18:55][Kidirro] Adding user 'twains'.
[01:26:03][Kidirro] Editing user 'twains'.
[01:26:03][Kidirro] Editing user 'twains'.
[01:37:13][Kidirro] Ensured resource "vorp_admin"
[01:38:20][Kidirro] Ensured resource "vorp_admin"
[01:39:29][Kidirro] Ensured resource "vorp_admin"
[01:40:03][Kidirro] Ensured resource "vorp_admin"
[01:48:03][Kidirro] [Kidirro] executed "RESTART SERVER"
[01:50:38][Kidirro] Sending announcement: 卍
[01:51:22][Kidirro] Ensured resource "undead_custom"
[01:51:49][Kidirro] Stopped resource "undead_custom"
[01:52:00][Kidirro] Ensured resource "undead_custom"
[01:52:51][Kidirro] Ensured resource "undead_custom"
[01:53:26][Kidirro] Ensured resource "undead_custom"
[02:18:55][Kidirro] [Kidirro] executed "STOP SERVER"
