================================================================
======== txAdmin v8.0.1 atop fxserver 13544 Starting - 12.06.2025, 01:00:06
================================================================
================================================================
======== Log Rotated - 12.06.2025, 01:00:07                     
================================================================
[01:00:17] txAdmin: Logger started
[01:01:24] [xPwr4#1] ФимоZ: joined with identifiers [steam:1100…6355, license:f85a…fabc, xbl:2535…2141, live:9851…7400, discord:3246…0096, fivem:13913763, license2:f85a…fabc]
[01:51:32] [xPwr4#1] ФимоZ: enabled noclip
[01:52:12] [xPwr4#1] ФимоZ: disconnected (Exiting)
[01:53:11] [xPwr4#2] ФимоZ: joined with identifiers [steam:1100…6355, license:f85a…fabc, xbl:2535…2141, live:9851…7400, discord:3246…0096, fivem:13913763, license2:f85a…fabc]
[01:58:19] [xPwr4#2] ФимоZ: disconnected (Exiting)
================================================================
======== txAdmin v8.0.1 atop fxserver 13544 Starting - 12.06.2025, 14:15:12
================================================================
[14:15:23] txAdmin: Logger started
[14:15:52] [EATgR#1] ФимоZ: joined with identifiers [steam:1100…6355, license:f85a…fabc, xbl:2535…2141, live:9851…7400, discord:3246…0096, fivem:13913763, license2:f85a…fabc]
[14:23:11] [EATgR#1] ФимоZ: disconnected (Exiting)
[14:29:49] txAdmin: Logger started
[14:30:37] [NLAwh#1] ФимоZ: joined with identifiers [steam:1100…6355, license:f85a…fabc, xbl:2535…2141, live:9851…7400, discord:3246…0096, fivem:13913763, license2:f85a…fabc]
[14:32:24] [NLAwh#1] ФимоZ: disconnected (Exiting)
[14:33:06] txAdmin: Logger started
[18:42:05] txAdmin: Logger started
[18:48:46] [GeMej#1] ФимоZ: joined with identifiers [steam:1100…6355, license:f85a…fabc, xbl:2535…2141, live:9851…7400, discord:3246…0096, fivem:13913763, license2:f85a…fabc]
[18:50:47] [GeMej#1] ФимоZ: disconnected (Exiting)
[18:51:24] txAdmin: Logger started
[18:51:45] [3BtT4#1] ФимоZ: joined with identifiers [steam:1100…6355, license:f85a…fabc, xbl:2535…2141, live:9851…7400, discord:3246…0096, fivem:13913763, license2:f85a…fabc]
[18:56:19] txAdmin: Logger started
[18:57:01] [djNzC#1] ФимоZ: joined with identifiers [steam:1100…6355, license:f85a…fabc, xbl:2535…2141, live:9851…7400, discord:3246…0096, fivem:13913763, license2:f85a…fabc]
[19:05:17] txAdmin: Logger started
[19:05:59] [LnKzH#1] ФимоZ: joined with identifiers [steam:1100…6355, license:f85a…fabc, xbl:2535…2141, live:9851…7400, discord:3246…0096, fivem:13913763, license2:f85a…fabc]
[19:41:02] [LnKzH#1] ФимоZ: caused an explosion (FLARE)
[19:41:04] [LnKzH#1] ФимоZ: caused an explosion (FLARE)
[19:41:08] [LnKzH#1] ФимоZ: caused an explosion (FLARE)
[19:41:13] [LnKzH#1] ФимоZ: caused an explosion (FLARE)
[19:41:15] [LnKzH#1] ФимоZ: caused an explosion (FLARE)
[19:41:17] [LnKzH#1] ФимоZ: caused an explosion (FLARE)
[19:41:19] [LnKzH#1] ФимоZ: caused an explosion (FLARE)
[19:42:21] [LnKzH#1] ФимоZ: disconnected (Exiting)
