================================================================
======== txAdmin v8.0.1 atop fxserver 13544 Starting - 02.05.2025, 05:43:25
================================================================
[05:45:37] txAdmin: Logger started
[05:46:05] [7VMPW#1] ФимоZ: joined with identifiers [steam:1100…6355, license:f85a…fabc, xbl:2535…2141, live:9851…7400, discord:3246…0096, fivem:13913763, license2:f85a…fabc]
[05:48:11] [7VMPW#1] ФимоZ: disconnected (Exiting)
[05:50:34] txAdmin: Logger started
[05:51:20] [mPPW8#1] ФимоZ: joined with identifiers [steam:1100…6355, license:f85a…fabc, xbl:2535…2141, live:9851…7400, discord:3246…0096, fivem:13913763, license2:f85a…fabc]
[05:53:26] [mPPW8#1] ФимоZ: caused an explosion (TANKER)
[05:53:29] [mPPW8#1] ФимоZ: caused an explosion (TANKER)
[05:53:31] [mPPW8#1] ФимоZ: caused an explosion (TANKER)
[05:53:32] [mPPW8#1] ФимоZ: caused an explosion (TANKER)
[05:53:34] [mPPW8#1] ФимоZ: caused an explosion (TANKER)
[05:53:35] [mPPW8#1] ФимоZ: caused an explosion (TANKER)
[05:53:36] [mPPW8#1] ФимоZ: caused an explosion (TANKER)
[05:53:38] [mPPW8#1] ФимоZ: caused an explosion (TANKER)
[05:53:59] [mPPW8#1] ФимоZ: caused an explosion (TANKER)
[05:54:15] [mPPW8#1] ФимоZ: caused an explosion (TANKER)
[05:54:22] [mPPW8#1] ФимоZ: caused an explosion (TANKER)
[05:54:25] [mPPW8#1] ФимоZ: caused an explosion (TANKER)
[05:54:31] [mPPW8#1] ФимоZ: caused an explosion (TANKER)
[05:54:32] [mPPW8#1] ФимоZ: caused an explosion (TANKER)
[05:54:33] [mPPW8#1] ФимоZ: caused an explosion (TANKER)
[05:54:43] [mPPW8#1] ФимоZ: caused an explosion (TANKER)
[05:54:45] [mPPW8#1] ФимоZ: caused an explosion (TANKER)
[05:54:46] [mPPW8#1] ФимоZ: caused an explosion (TANKER)
[05:54:48] [mPPW8#1] ФимоZ: caused an explosion (TANKER)
[05:54:50] [mPPW8#1] ФимоZ: caused an explosion (TANKER)
[05:55:00] [mPPW8#1] ФимоZ: caused an explosion (TANKER)
[05:55:03] [mPPW8#1] ФимоZ: caused an explosion (TANKER)
[05:55:10] [mPPW8#1] ФимоZ: caused an explosion (TANKER)
[05:55:28] [mPPW8#1] ФимоZ: caused an explosion (TANKER)
[05:55:32] [mPPW8#1] ФимоZ: caused an explosion (TANKER)
[05:55:38] [mPPW8#1] ФимоZ: caused an explosion (TANKER)
[05:55:43] [mPPW8#1] ФимоZ: caused an explosion (TANKER)
[05:55:47] [mPPW8#1] ФимоZ: caused an explosion (TANKER)
[05:59:19] [mPPW8#1] ФимоZ: caused an explosion (TANKER)
[05:59:21] [mPPW8#1] ФимоZ: caused an explosion (TANKER)
[05:59:24] [mPPW8#1] ФимоZ: caused an explosion (TANKER)
[05:59:27] [mPPW8#1] ФимоZ: caused an explosion (TANKER)
[05:59:29] [mPPW8#1] ФимоZ: caused an explosion (TANKER)
[05:59:31] [mPPW8#1] ФимоZ: caused an explosion (TANKER)
[05:59:33] [mPPW8#1] ФимоZ: caused an explosion (TANKER)
[05:59:36] [mPPW8#1] ФимоZ: caused an explosion (TANKER)
[05:59:54] [mPPW8#1] ФимоZ: caused an explosion (TANKER)
[05:59:59] [mPPW8#1] ФимоZ: caused an explosion (TANKER)
[06:00:04] [mPPW8#1] ФимоZ: caused an explosion (TANKER)
[06:00:07] [mPPW8#1] ФимоZ: caused an explosion (TANKER)
[06:00:27] [mPPW8#1] ФимоZ: caused an explosion (TANKER)
[06:00:43] [mPPW8#1] ФимоZ: caused an explosion (TANKER)
[06:00:45] [mPPW8#1] ФимоZ: caused an explosion (TANKER)
[06:01:16] [mPPW8#1] ФимоZ: caused an explosion (TANKER)
[06:01:36] [mPPW8#1] ФимоZ: caused an explosion (TANKER)
[06:01:38] [mPPW8#1] ФимоZ: caused an explosion (TANKER)
[06:02:05] [mPPW8#1] ФимоZ: said "/job"
[06:02:24] [mPPW8#1] ФимоZ: caused an explosion (TANKER)
[06:02:31] [mPPW8#1] ФимоZ: caused an explosion (TANKER)
[06:03:30] [mPPW8#1] ФимоZ: caused an explosion (TANKER)
[06:03:33] [mPPW8#1] ФимоZ: caused an explosion (TANKER)
[06:03:33] [mPPW8#1] ФимоZ: died from suicide (Bow)
[06:03:38] [mPPW8#1] ФимоZ: disconnected (Exiting)
================================================================
======== txAdmin v8.0.1 atop fxserver 13544 Starting - 02.05.2025, 16:17:41
================================================================
[16:17:50] txAdmin: Logger started
