================================================================
======== txAdmin v8.0.1 atop fxserver 13544 Starting - 13.06.2025, 01:44:47
================================================================
================================================================
======== Log Rotated - 13.06.2025, 01:44:48                     
================================================================
[01:44:56] txAdmin: Logger started
[01:47:02] [jhUPj#1] ФимоZ: joined with identifiers [steam:1100…6355, license:f85a…fabc, xbl:2535…2141, live:9851…7400, discord:3246…0096, fivem:13913763, license2:f85a…fabc]
[01:58:09] [jhUPj#1] ФимоZ: died from suicide
[01:58:29] [jhUPj#1] ФимоZ: healed themself
[01:59:17] [jhUPj#1] ФимоZ: healed themself
[01:59:31] [jhUPj#1] ФимоZ: disconnected (Exiting)
[02:00:03] [jhUPj#2] ФимоZ: joined with identifiers [steam:1100…6355, license:f85a…fabc, xbl:2535…2141, live:9851…7400, discord:3246…0096, fivem:13913763, license2:f85a…fabc]
[02:04:06] [jhUPj#2] ФимоZ: enabled god mode
[02:09:07] [jhUPj#2] ФимоZ: enabled noclip
[02:09:13] [jhUPj#2] ФимоZ: became mortal (standard mode)
[02:09:39] [jhUPj#2] ФимоZ: enabled noclip
[02:10:32] [jhUPj#2] ФимоZ: disconnected (Exiting)
[02:11:17] [jhUPj#3] ФимоZ: joined with identifiers [steam:1100…6355, license:f85a…fabc, xbl:2535…2141, live:9851…7400, discord:3246…0096, fivem:13913763, license2:f85a…fabc]
================================================================
======== txAdmin v8.0.1 atop fxserver 13544 Starting - 13.06.2025, 20:28:58
================================================================
[20:29:08] txAdmin: Logger started
================================================================
======== txAdmin v8.0.1 atop fxserver 13544 Starting - 13.06.2025, 20:29:43
================================================================
[20:29:45] txAdmin: Logger started
[20:30:24] txAdmin: Logger started
[20:31:19] [9jYaK#1] ФимоZ: joined with identifiers [steam:1100…6355, license:f85a…fabc, xbl:2535…2141, live:9851…7400, discord:3246…0096, fivem:13913763, license2:f85a…fabc]
[20:33:56] [9jYaK#1] ФимоZ: enabled noclip
[20:34:02] [9jYaK#1] ФимоZ: became mortal (standard mode)
[20:34:26] [9jYaK#1] ФимоZ: enabled noclip
[20:34:54] [9jYaK#1] ФимоZ: became mortal (standard mode)
[20:36:17] [9jYaK#1] ФимоZ: enabled noclip
[20:36:22] [9jYaK#1] ФимоZ: became mortal (standard mode)
[20:36:59] [9jYaK#1] ФимоZ: enabled noclip
[20:37:33] [9jYaK#1] ФимоZ: became mortal (standard mode)
[20:37:51] [9jYaK#1] ФимоZ: disconnected (Exiting)
[21:01:49] [9jYaK#2] ФимоZ: joined with identifiers [steam:1100…6355, license:f85a…fabc, xbl:2535…2141, live:9851…7400, discord:3246…0096, fivem:13913763, license2:f85a…fabc]
[21:03:44] [9jYaK#2] ФимоZ: enabled noclip
[21:05:08] [9jYaK#2] ФимоZ: became mortal (standard mode)
