================================================================
======== txAdmin v8.0.1 atop fxserver 13544 Starting - 04.05.2025, 00:03:00
================================================================
================================================================
======== Log Rotated - 04.05.2025, 00:03:01                     
================================================================
[00:03:09] txAdmin: Logger started
================================================================
======== txAdmin v8.0.1 atop fxserver 13544 Starting - 04.05.2025, 00:03:16
================================================================
[00:03:21] txAdmin: Logger started
[00:53:40] txAdmin: Logger started
[00:54:43] [atxEw#1] ФимоZ: joined with identifiers [steam:1100…6355, license:f85a…fabc, xbl:2535…2141, live:9851…7400, discord:3246…0096, fivem:13913763, license2:f85a…fabc]
[01:10:23] [atxEw#1] ФимоZ: died from suicide (Fall)
[01:10:29] [atxEw#1] ФимоZ: healed all players!
[01:55:36] [atxEw#1] ФимоZ: died from suicide (Wolf Small)
[01:59:55] [atxEw#1] ФимоZ: died from suicide (Bear)
[01:59:59] [atxEw#1] ФимоZ: died from suicide (Bear)
[02:00:08] [atxEw#1] ФимоZ: died from suicide (Bear)
[02:00:11] [atxEw#1] ФимоZ: died from suicide (Bear)
[02:00:20] [atxEw#1] ФимоZ: died from suicide (Bear)
[02:00:52] [atxEw#1] ФимоZ: healed all players!
[02:01:10] [atxEw#1] ФимоZ: healed themself
[02:01:21] [atxEw#1] ФимоZ: teleported to a waypoint
[02:01:21] [atxEw#1] ФимоZ: teleported to a waypoint
[02:01:36] [atxEw#1] ФимоZ: teleported to coordinates (x=340.000, y=480.000, z=12.000)
[02:01:42] [atxEw#1] ФимоZ: healed themself
[02:01:49] [atxEw#1] ФимоZ: disconnected (Exiting)
[02:29:14] [atxEw#2] ФимоZ: joined with identifiers [steam:1100…6355, license:f85a…fabc, xbl:2535…2141, live:9851…7400, discord:3246…0096, fivem:13913763, license2:f85a…fabc]
[03:38:17] [atxEw#2] ФимоZ: disconnected (Exiting)
[03:40:15] [atxEw#3] ФимоZ: joined with identifiers [steam:1100…6355, license:f85a…fabc, xbl:2535…2141, live:9851…7400, discord:3246…0096, fivem:13913763, license2:f85a…fabc]
[03:43:26] [atxEw#3] ФимоZ: caused an explosion (DIR_FLAME)
[03:43:26] [atxEw#3] ФимоZ: caused an explosion (DIR_FLAME)
[03:43:26] [atxEw#3] ФимоZ: caused an explosion (DIR_FLAME)
[03:43:29] [atxEw#3] ФимоZ: caused an explosion (DIR_FLAME)
[03:43:31] [atxEw#3] ФимоZ: caused an explosion (DIR_FLAME)
[03:43:33] [atxEw#3] ФимоZ: caused an explosion (DIR_FLAME)
[03:43:35] [atxEw#3] ФимоZ: caused an explosion (DIR_FLAME)
[03:43:37] [atxEw#3] ФимоZ: caused an explosion (DIR_FLAME)
[03:43:39] [atxEw#3] ФимоZ: caused an explosion (DIR_FLAME)
[03:43:41] [atxEw#3] ФимоZ: caused an explosion (DIR_FLAME)
[03:43:53] [atxEw#3] ФимоZ: caused an explosion (DIR_FLAME)
[03:43:55] [atxEw#3] ФимоZ: caused an explosion (DIR_FLAME)
[03:43:56] [atxEw#3] ФимоZ: caused an explosion (DIR_FLAME)
[03:43:57] [atxEw#3] ФимоZ: caused an explosion (DIR_FLAME)
[03:43:58] [atxEw#3] ФимоZ: caused an explosion (DIR_FLAME)
[03:43:59] [atxEw#3] ФимоZ: caused an explosion (DIR_FLAME)
[03:44:03] [atxEw#3] ФимоZ: caused an explosion (DIR_FLAME)
[03:44:04] [atxEw#3] ФимоZ: caused an explosion (DIR_FLAME)
[03:44:05] [atxEw#3] ФимоZ: caused an explosion (DIR_FLAME)
[03:44:15] [atxEw#3] ФимоZ: caused an explosion (DIR_FLAME)
[03:44:17] [atxEw#3] ФимоZ: caused an explosion (DIR_FLAME)
[03:44:18] [atxEw#3] ФимоZ: caused an explosion (DIR_FLAME)
[03:44:26] [atxEw#3] ФимоZ: caused an explosion (DIR_FLAME)
[03:44:28] [atxEw#3] ФимоZ: caused an explosion (DIR_FLAME)
[03:44:31] [atxEw#3] ФимоZ: caused an explosion (DIR_FLAME)
[03:44:32] [atxEw#3] ФимоZ: caused an explosion (DIR_FLAME)
[03:44:47] [atxEw#3] ФимоZ: caused an explosion (DIR_FLAME)
[03:44:49] [atxEw#3] ФимоZ: caused an explosion (DIR_FLAME)
[03:44:50] [atxEw#3] ФимоZ: caused an explosion (DIR_FLAME)
[03:44:51] [atxEw#3] ФимоZ: caused an explosion (DIR_FLAME)
[03:44:52] [atxEw#3] ФимоZ: caused an explosion (DIR_FLAME)
[03:44:53] [atxEw#3] ФимоZ: caused an explosion (DIR_FLAME)
[03:44:57] [atxEw#3] ФимоZ: caused an explosion (DIR_FLAME)
[03:45:08] [atxEw#3] ФимоZ: caused an explosion (DIR_FLAME)
[03:45:09] [atxEw#3] ФимоZ: caused an explosion (DIR_FLAME)
[03:45:13] [atxEw#3] ФимоZ: caused an explosion (DIR_FLAME)
[03:46:28] [atxEw#3] ФимоZ: caused an explosion (DIR_FLAME)
[03:46:30] [atxEw#3] ФимоZ: caused an explosion (DIR_FLAME)
[03:46:31] [atxEw#3] ФимоZ: caused an explosion (DIR_FLAME)
[03:46:32] [atxEw#3] ФимоZ: caused an explosion (DIR_FLAME)
[03:46:34] [atxEw#3] ФимоZ: caused an explosion (DIR_FLAME)
[03:46:45] [atxEw#3] ФимоZ: caused an explosion (DIR_FLAME)
[03:46:46] [atxEw#3] ФимоZ: caused an explosion (DIR_FLAME)
[03:46:47] [atxEw#3] ФимоZ: caused an explosion (DIR_FLAME)
[03:46:49] [atxEw#3] ФимоZ: caused an explosion (DIR_FLAME)
[03:46:50] [atxEw#3] ФимоZ: caused an explosion (DIR_FLAME)
[03:49:47] [atxEw#3] ФимоZ: enabled noclip
[03:49:52] [atxEw#3] ФимоZ: became mortal (standard mode)
[03:52:59] [atxEw#3] ФимоZ: caused an explosion (DIR_FLAME)
[03:53:07] [atxEw#3] ФимоZ: caused an explosion (DIR_FLAME)
[03:53:11] [atxEw#3] ФимоZ: caused an explosion (DIR_FLAME)
[03:53:12] [atxEw#3] ФимоZ: caused an explosion (DIR_FLAME)
[03:53:13] [atxEw#3] ФимоZ: caused an explosion (DIR_FLAME)
[03:53:17] [atxEw#3] ФимоZ: caused an explosion (DIR_FLAME)
[03:53:21] [atxEw#3] ФимоZ: caused an explosion (DIR_FLAME)
[03:53:22] [atxEw#3] ФимоZ: caused an explosion (DIR_FLAME)
[03:53:25] [atxEw#3] ФимоZ: caused an explosion (DIR_FLAME)
[03:53:59] [atxEw#3] ФимоZ: caused an explosion (DIR_FLAME)
[03:54:24] [atxEw#3] ФимоZ: disconnected (Exiting)
[03:54:58] [atxEw#4] ФимоZ: joined with identifiers [steam:1100…6355, license:f85a…fabc, xbl:2535…2141, live:9851…7400, discord:3246…0096, fivem:13913763, license2:f85a…fabc]
[03:57:03] [atxEw#4] ФимоZ: disconnected (Exiting)
[03:58:40] [atxEw#5] ФимоZ: joined with identifiers [steam:1100…6355, license:f85a…fabc, xbl:2535…2141, live:9851…7400, discord:3246…0096, fivem:13913763, license2:f85a…fabc]
[04:02:11] [atxEw#5] ФимоZ: disconnected (Exiting)
================================================================
======== txAdmin v8.0.1 atop fxserver 13544 Starting - 04.05.2025, 15:32:36
================================================================
[15:32:46] txAdmin: Logger started
[15:34:39] [g49Nm#1] ФимоZ: joined with identifiers [steam:1100…6355, license:f85a…fabc, xbl:2535…2141, live:9851…7400, discord:3246…0096, fivem:13913763, license2:f85a…fabc]
[15:53:11] [g49Nm#1] ФимоZ: teleported to a waypoint
[15:53:12] [g49Nm#1] ФимоZ: enabled noclip
[15:53:46] [g49Nm#1] ФимоZ: became mortal (standard mode)
[15:54:14] [g49Nm#1] ФимоZ: enabled noclip
[15:54:30] [g49Nm#1] ФимоZ: became mortal (standard mode)
[16:17:43] [g49Nm#1] ФимоZ: disconnected (Exiting)
[20:01:01] txAdmin: Logger started
[20:03:07] [AhDFJ#1] ФимоZ: joined with identifiers [steam:1100…6355, license:f85a…fabc, xbl:2535…2141, live:9851…7400, discord:3246…0096, fivem:13913763, license2:f85a…fabc]
[20:10:54] [AhDFJ#1] ФимоZ: spawned a vehicle (model: a_c_horse_turkoman_perlino)
[20:31:17] [AhDFJ#1] ФимоZ: enabled god mode
[20:31:21] [AhDFJ#1] ФимоZ: caused an explosion (PROGRAMMABLEAR)
[20:31:27] [AhDFJ#1] ФимоZ: became mortal (standard mode)
[20:33:39] [AhDFJ#1] ФимоZ: enabled noclip
[20:34:26] [AhDFJ#1] ФимоZ: became mortal (standard mode)
[20:38:35] [AhDFJ#1] ФимоZ: disconnected (Exiting)
[22:27:10] [AhDFJ#2] ФимоZ: joined with identifiers [steam:1100…6355, license:f85a…fabc, xbl:2535…2141, live:9851…7400, discord:3246…0096, fivem:13913763, license2:f85a…fabc]
[22:41:15] [AhDFJ#2] ФимоZ: disconnected (Exiting)
[22:41:49] txAdmin: Logger started
[22:42:16] [A3TM9#1] ФимоZ: joined with identifiers [steam:1100…6355, license:f85a…fabc, xbl:2535…2141, live:9851…7400, discord:3246…0096, fivem:13913763, license2:f85a…fabc]
[22:51:56] [A3TM9#1] ФимоZ: disconnected (Exiting)
[22:52:17] txAdmin: Logger started
[23:27:07] txAdmin: Logger started
